
=== Thu Jan 20 02:24:14 2022

Packages were changed.
Update Mode: updateDependencies

The following packages were added:
  com.unity.2d.sprite@1.0.0
  com.unity.2d.tilemap@1.0.0
  com.unity.ide.rider@1.2.1
  com.unity.ide.visualstudio@2.0.12
  com.unity.ide.vscode@1.2.4
  com.unity.modules.androidjni@1.0.0
  com.unity.multiplayer-hlapi@1.0.8
  com.unity.test-framework@1.1.29
  com.unity.timeline@1.2.18
  com.unity.ugui@1.0.0
  com.unity.xr.legacyinputhelpers@2.1.8
The following packages were updated:
  com.unity.ads from version 2.0.8 to 3.7.5
  com.unity.analytics from version 3.2.3 to 3.6.12
  com.unity.collab-proxy from version 1.2.15 to 1.14.4
  com.unity.postprocessing from version 2.0.15-preview to 2.2.2
  com.unity.purchasing from version 2.2.1 to 4.1.1
  com.unity.textmeshpro from version 1.4.1 to 2.1.4
The following packages were removed:
  com.unity.package-manager-ui@2.0.13

=== Thu Nov 20 12:55:03 2025

Packages were changed.
Update Mode: updateDependencies

The following packages were added:
  com.unity.ai.navigation@2.0.8
  com.unity.modules.accessibility@1.0.0
  com.unity.multiplayer.center@1.0.0
The following packages were updated:
  com.unity.ads from version 3.7.5 to 4.4.2
  com.unity.analytics from version 3.6.12 to 3.8.1
  com.unity.collab-proxy from version 1.14.4 to 2.8.2
  com.unity.ide.rider from version 1.2.1 to 3.0.36
  com.unity.ide.visualstudio from version 2.0.12 to 2.0.23
  com.unity.postprocessing from version 2.2.2 to 3.5.0
  com.unity.purchasing from version 4.1.1 to 4.12.2
  com.unity.test-framework from version 1.1.29 to 1.5.1
  com.unity.timeline from version 1.2.18 to 1.8.7
  com.unity.ugui from version 1.0.0 to 2.0.0
  com.unity.xr.legacyinputhelpers from version 2.1.8 to 2.1.12
The following packages were removed:
  com.unity.multiplayer-hlapi@1.0.8
  com.unity.textmeshpro@2.1.4
